[debug] [2023-06-01T13:32:22.708Z] ----------------------------------------------------------------------
[debug] [2023-06-01T13:32:22.710Z] Command:       /Users/hilda.sandberg/.nvm/versions/node/v16.16.0/bin/node /Users/hilda.sandberg/.nvm/versions/node/v16.16.0/bin/firebase init hosting
[debug] [2023-06-01T13:32:22.711Z] CLI Version:   12.0.0
[debug] [2023-06-01T13:32:22.712Z] Platform:      darwin
[debug] [2023-06-01T13:32:22.713Z] Node Version:  v16.16.0
[debug] [2023-06-01T13:32:22.716Z] Time:          Thu Jun 01 2023 15:32:22 GMT+0200 (Central European Summer Time)
[debug] [2023-06-01T13:32:22.718Z] ----------------------------------------------------------------------
[debug] 
[debug] [2023-06-01T13:32:22.731Z] >>> [apiv2][query] GET https://firebase-public.firebaseio.com/cli.json [none]
[debug] [2023-06-01T13:32:22.864Z] > command requires scopes: ["email","openid","https://www.googleapis.com/auth/cloudplatformprojects.readonly","https://www.googleapis.com/auth/firebase","https://www.googleapis.com/auth/cloud-platform"]
[debug] [2023-06-01T13:32:22.866Z] > authorizing via signed-in user (hilda.sandberg@cygni.se)
[info] 
     ######## #### ########  ######## ########     ###     ######  ########
     ##        ##  ##     ## ##       ##     ##  ##   ##  ##       ##
     ######    ##  ########  ######   ########  #########  ######  ######
     ##        ##  ##    ##  ##       ##     ## ##     ##       ## ##
     ##       #### ##     ## ######## ########  ##     ##  ######  ########

You're about to initialize a Firebase project in this directory:

  /Users/hilda.sandberg/cygni/gvfo

Before we get started, keep in mind:

  * You are initializing within an existing Firebase project directory

[info] 
=== Project Setup
[info] 
[info] First, let's associate this project directory with a Firebase project.
[info] You can create multiple project aliases by running firebase use --add, 
[info] but for now we'll just set up a default project.
[info] 
[debug] [2023-06-01T13:32:22.871Z] Using project from CLI flag: love-guesser
[debug] [2023-06-01T13:32:22.872Z] > refreshing access token with scopes: []
[debug] [2023-06-01T13:32:22.874Z] >>> [apiv2][query] POST https://www.googleapis.com/oauth2/v3/token [none]
[debug] [2023-06-01T13:32:22.874Z] >>> [apiv2][body] POST https://www.googleapis.com/oauth2/v3/token [omitted]
[debug] [2023-06-01T13:32:23.062Z] <<< [apiv2][status] POST https://www.googleapis.com/oauth2/v3/token 200
[debug] [2023-06-01T13:32:23.066Z] <<< [apiv2][body] POST https://www.googleapis.com/oauth2/v3/token [omitted]
[debug] [2023-06-01T13:32:23.091Z] >>> [apiv2][query] GET https://firebase.googleapis.com/v1beta1/projects/love-guesser [none]
[debug] [2023-06-01T13:32:23.165Z] <<< [apiv2][status] GET https://firebase-public.firebaseio.com/cli.json 200
[debug] [2023-06-01T13:32:23.166Z] <<< [apiv2][body] GET https://firebase-public.firebaseio.com/cli.json {"cloudBuildErrorAfter":1594252800000,"cloudBuildWarnAfter":1590019200000,"defaultNode10After":1594252800000,"minVersion":"3.0.5","node8DeploysDisabledAfter":1613390400000,"node8RuntimeDisabledAfter":1615809600000,"node8WarnAfter":1600128000000}
[debug] [2023-06-01T13:32:23.342Z] <<< [apiv2][status] GET https://firebase.googleapis.com/v1beta1/projects/love-guesser 403
[debug] [2023-06-01T13:32:23.343Z] <<< [apiv2][body] GET https://firebase.googleapis.com/v1beta1/projects/love-guesser {"error":{"code":403,"message":"The caller does not have permission","status":"PERMISSION_DENIED"}}
[debug] [2023-06-01T13:32:23.344Z] HTTP Error: 403, The caller does not have permission
[debug] [2023-06-01T13:32:23.440Z] FirebaseError: HTTP Error: 403, The caller does not have permission
    at responseToError (/Users/hilda.sandberg/.nvm/versions/node/v16.16.0/lib/node_modules/firebase-tools/lib/responseToError.js:49:12)
    at RetryOperation._fn (/Users/hilda.sandberg/.nvm/versions/node/v16.16.0/lib/node_modules/firebase-tools/lib/apiv2.js:288:77)
    at processTicksAndRejections (node:internal/process/task_queues:96:5)
[error] 
[error] Error: Failed to get Firebase project love-guesser. Please make sure the project exists and your account has permission to access it.
